<?xml version="1.0" encoding="UTF-8"?>
<testsuite xmlns:xsi="http://www.w3.org/2001/XMLSchema-instance" xsi:noNamespaceSchemaLocation="https://maven.apache.org/surefire/maven-surefire-plugin/xsd/surefire-test-report.xsd" version="3.0.2" name="helianthus.core.pipeline.BindStepTest" time="0.073" tests="11" errors="0" skipped="0" failures="0">
  <properties>
[...]
</properties>
  <testcase name="should bind string parameter" classname="helianthus.core.pipeline.BindStepTest" time="0.003"/>
  <testcase name="should bind boolean parameter" classname="helianthus.core.pipeline.BindStepTest" time="0.002"/>
  <testcase name="should throw exception for invalid number parameter" classname="helianthus.core.pipeline.BindStepTest" time="0.016"/>
  <testcase name="should bind number parameter" classname="helianthus.core.pipeline.BindStepTest" time="0.002"/>
  <testcase name="should bind integer parameter" classname="helianthus.core.pipeline.BindStepTest" time="0.002"/>
  <testcase name="should throw exception for missing required parameter" classname="helianthus.core.pipeline.BindStepTest" time="0.009"/>
  <testcase name="should accept various boolean representations" classname="helianthus.core.pipeline.BindStepTest" time="0.003"/>
  <testcase name="should throw exception for invalid boolean parameter" classname="helianthus.core.pipeline.BindStepTest" time="0.008"/>
  <testcase name="should bind multiple parameters" classname="helianthus.core.pipeline.BindStepTest" time="0.003"/>
  <testcase name="should throw exception for invalid integer parameter" classname="helianthus.core.pipeline.BindStepTest" time="0.005"/>
  <testcase name="should skip optional parameters when not provided" classname="helianthus.core.pipeline.BindStepTest" time="0.002"/>
</testsuite>