<?xml version="1.0" encoding="UTF-8"?>
<testsuite xmlns:xsi="http://www.w3.org/2001/XMLSchema-instance" xsi:noNamespaceSchemaLocation="https://maven.apache.org/surefire/maven-surefire-plugin/xsd/surefire-test-report.xsd" version="3.0.2" name="helianthus.core.StarterOperationsSmokeTest" time="9.097" tests="9" errors="0" skipped="0" failures="0">
  <properties>
[...]
</properties>
  <testcase name="products expensive should return filtered data" classname="helianthus.core.StarterOperationsSmokeTest" time="1.4">
    <system-out><![CDATA[2026-06-18T16:39:48.289-06:00  INFO 10605 --- [           main] .b.t.c.SpringBootTestContextBootstrapper : Found @SpringBootConfiguration helianthus.core.HelianthusApplication for test class helianthus.core.StarterOperationsSmokeTest
2026-06-18T16:39:48.297-06:00  INFO 10605 --- [           main] .b.t.c.SpringBootTestContextBootstrapper : Found @SpringBootConfiguration helianthus.core.HelianthusApplication for test class helianthus.core.StarterOperationsSmokeTest

  .   ____          _            __ _ _
 /\\ / ___'_ __ _ _(_)_ __  __ _ \ \ \ \
( ( )\___ | '_ | '_| | '_ \/ _` | \ \ \ \
 \\/  ___)| |_)| | | | | || (_| |  ) ) ) )
  '  |____| .__|_| |_|_| |_\__, | / / / /
 =========|_|==============|___/=/_/_/_/

 :: Spring Boot ::                (v4.1.0)

2026-06-18T16:39:48.493-06:00  INFO 10605 --- [           main] h.core.StarterOperationsSmokeTest        : Starting StarterOperationsSmokeTest using Java 25.0.2 with PID 10605 (started by jonathan in /Users/jonathan/code/helianthus/server/helianthus-web)
2026-06-18T16:39:48.494-06:00  INFO 10605 --- [           main] h.core.StarterOperationsSmokeTest        : No active profile set, falling back to 1 default profile: "default"
2026-06-18T16:39:51.098-06:00  INFO 10605 --- [           main] o.s.boot.tomcat.TomcatWebServer          : Tomcat initialized with port 0 (http)
2026-06-18T16:39:51.170-06:00  INFO 10605 --- [           main] o.apache.catalina.core.StandardService   : Starting service [Tomcat]
2026-06-18T16:39:51.171-06:00  INFO 10605 --- [           main] o.apache.catalina.core.StandardEngine    : Starting Servlet engine: [Apache Tomcat/11.0.22]
2026-06-18T16:39:51.399-06:00  INFO 10605 --- [           main] b.w.c.s.WebApplicationContextInitializer : Root WebApplicationContext: initialization completed in 2899 ms
2026-06-18T16:39:51.808-06:00  INFO 10605 --- [           main] helianthus.core.config.CatalogConfig     : Loading operations catalog from: class path resource [operations.yml]
2026-06-18T16:39:51.813-06:00  INFO 10605 --- [           main] helianthus.core.config.CatalogConfig     : Loaded catalog: 6 operations, 2 queries, 0 datasources
2026-06-18T16:39:52.157-06:00  INFO 10605 --- [           main] r$InitializeUserDetailsManagerConfigurer : Global AuthenticationManager configured with UserDetailsService bean with name userDetailsService
2026-06-18T16:39:53.270-06:00  INFO 10605 --- [           main] o.s.b.a.e.web.EndpointLinksResolver      : Exposing 1 endpoint beneath base path '/actuator'
2026-06-18T16:39:53.501-06:00  INFO 10605 --- [           main] o.s.boot.tomcat.TomcatWebServer          : Tomcat started on port 55804 (http) with context path '/'
2026-06-18T16:39:53.524-06:00  INFO 10605 --- [           main] h.core.StarterOperationsSmokeTest        : Started StarterOperationsSmokeTest in 5.183 seconds (process running for 35.129)
2026-06-18T16:39:53.850-06:00  INFO 10605 --- [           main] com.zaxxer.hikari.HikariDataSource       : HikariPool-2 - Starting...
2026-06-18T16:39:53.853-06:00  INFO 10605 --- [           main] com.zaxxer.hikari.pool.HikariPool        : HikariPool-2 - Added connection conn10: url=jdbc:h2:mem:helianthus user=SA
2026-06-18T16:39:53.854-06:00  INFO 10605 --- [           main] com.zaxxer.hikari.HikariDataSource       : HikariPool-2 - Start completed.
2026-06-18T16:39:54.235-06:00  INFO 10605 --- [o-auto-1-exec-1] o.a.c.c.C.[Tomcat].[localhost].[/]       : Initializing Spring DispatcherServlet 'dispatcherServlet'
2026-06-18T16:39:54.236-06:00  INFO 10605 --- [o-auto-1-exec-1] o.s.web.servlet.DispatcherServlet        : Initializing Servlet 'dispatcherServlet'
2026-06-18T16:39:54.240-06:00  INFO 10605 --- [o-auto-1-exec-1] o.s.web.servlet.DispatcherServlet        : Completed initialization in 4 ms
2026-06-18T16:39:55.022-06:00  INFO 10605 --- [o-auto-1-exec-1] h.core.web.RequestLoggingFilter          : Request started: method=GET path=/api/op/products/expensive.json requestId=a09ddae3-1c35-4b73-8a36-f2ae4a269154
2026-06-18T16:39:55.108-06:00  INFO 10605 --- [o-auto-1-exec-1] h.core.web.HelianthusController          : Operation executed: operationId=products configurationId=expensive format=json rowCount=3 duration=17ms user=guest
2026-06-18T16:39:55.230-06:00  INFO 10605 --- [o-auto-1-exec-1] h.core.web.RequestLoggingFilter          : Request completed: method=GET path=/api/op/products/expensive.json status=200 duration=208ms requestId=a09ddae3-1c35-4b73-8a36-f2ae4a269154
]]></system-out>
  </testcase>
  <testcase name="productlines default should return data" classname="helianthus.core.StarterOperationsSmokeTest" time="0.254">
    <system-out><![CDATA[2026-06-18T16:39:55.483-06:00  INFO 10605 --- [o-auto-1-exec-2] h.core.web.RequestLoggingFilter          : Request started: method=GET path=/api/op/productlines/default.json requestId=d2aaf4d0-2fcd-4c09-a0ba-b9051baf16c9
2026-06-18T16:39:55.488-06:00  INFO 10605 --- [o-auto-1-exec-2] h.core.web.HelianthusController          : Operation executed: operationId=productlines configurationId=default format=json rowCount=2 duration=3ms user=guest
2026-06-18T16:39:55.494-06:00  INFO 10605 --- [o-auto-1-exec-2] h.core.web.RequestLoggingFilter          : Request completed: method=GET path=/api/op/productlines/default.json status=200 duration=12ms requestId=d2aaf4d0-2fcd-4c09-a0ba-b9051baf16c9
]]></system-out>
  </testcase>
  <testcase name="products default should return data" classname="helianthus.core.StarterOperationsSmokeTest" time="0.242">
    <system-out><![CDATA[2026-06-18T16:39:55.735-06:00  INFO 10605 --- [o-auto-1-exec-3] h.core.web.RequestLoggingFilter          : Request started: method=GET path=/api/op/products/default.json requestId=dbc5b1dc-19f8-4954-810c-2d7c06ef7b20
2026-06-18T16:39:55.739-06:00  INFO 10605 --- [o-auto-1-exec-3] h.core.web.HelianthusController          : Operation executed: operationId=products configurationId=default format=json rowCount=3 duration=2ms user=guest
2026-06-18T16:39:55.742-06:00  INFO 10605 --- [o-auto-1-exec-3] h.core.web.RequestLoggingFilter          : Request completed: method=GET path=/api/op/products/default.json status=200 duration=7ms requestId=dbc5b1dc-19f8-4954-810c-2d7c06ef7b20
]]></system-out>
  </testcase>
  <testcase name="products should work in CSV format" classname="helianthus.core.StarterOperationsSmokeTest" time="0.241">
    <system-out><![CDATA[2026-06-18T16:39:55.977-06:00  INFO 10605 --- [o-auto-1-exec-4] h.core.web.RequestLoggingFilter          : Request started: method=GET path=/api/op/products/default.csv requestId=b059d76d-ad98-4f85-830d-b6bf2d22212a
2026-06-18T16:39:55.982-06:00  INFO 10605 --- [o-auto-1-exec-4] h.core.web.HelianthusController          : Operation executed: operationId=products configurationId=default format=csv rowCount=3 duration=3ms user=guest
2026-06-18T16:39:55.988-06:00  INFO 10605 --- [o-auto-1-exec-4] h.core.web.RequestLoggingFilter          : Request completed: method=GET path=/api/op/products/default.csv status=200 duration=11ms requestId=b059d76d-ad98-4f85-830d-b6bf2d22212a
]]></system-out>
  </testcase>
  <testcase name="products compact should return projected columns" classname="helianthus.core.StarterOperationsSmokeTest" time="0.245">
    <system-out><![CDATA[2026-06-18T16:39:56.233-06:00  INFO 10605 --- [o-auto-1-exec-5] h.core.web.RequestLoggingFilter          : Request started: method=GET path=/api/op/products/compact.json requestId=1510557c-eadd-4c10-87c1-d79fec00c785
2026-06-18T16:39:56.238-06:00  INFO 10605 --- [o-auto-1-exec-5] h.core.web.HelianthusController          : Operation executed: operationId=products configurationId=compact format=json rowCount=3 duration=2ms user=guest
2026-06-18T16:39:56.241-06:00  INFO 10605 --- [o-auto-1-exec-5] h.core.web.RequestLoggingFilter          : Request completed: method=GET path=/api/op/products/compact.json status=200 duration=8ms requestId=1510557c-eadd-4c10-87c1-d79fec00c785
]]></system-out>
  </testcase>
  <testcase name="products should work in HTML format" classname="helianthus.core.StarterOperationsSmokeTest" time="0.222">
    <system-out><![CDATA[2026-06-18T16:39:56.461-06:00  INFO 10605 --- [o-auto-1-exec-6] h.core.web.RequestLoggingFilter          : Request started: method=GET path=/api/op/products/default.html requestId=9624d382-294c-4b01-8f89-4102138a6935
2026-06-18T16:39:56.465-06:00  INFO 10605 --- [o-auto-1-exec-6] h.core.web.HelianthusController          : Operation executed: operationId=products configurationId=default format=html rowCount=3 duration=2ms user=guest
2026-06-18T16:39:56.467-06:00  INFO 10605 --- [o-auto-1-exec-6] h.core.web.RequestLoggingFilter          : Request completed: method=GET path=/api/op/products/default.html status=200 duration=6ms requestId=9624d382-294c-4b01-8f89-4102138a6935
]]></system-out>
  </testcase>
  <testcase name="products should work in XML format" classname="helianthus.core.StarterOperationsSmokeTest" time="0.234">
    <system-out><![CDATA[2026-06-18T16:39:56.688-06:00  INFO 10605 --- [o-auto-1-exec-7] h.core.web.RequestLoggingFilter          : Request started: method=GET path=/api/op/products/default.xml requestId=bd6e3126-7c3c-4c78-91fa-a94902f1d388
2026-06-18T16:39:56.695-06:00  INFO 10605 --- [o-auto-1-exec-7] h.core.web.HelianthusController          : Operation executed: operationId=products configurationId=default format=xml rowCount=3 duration=2ms user=guest
2026-06-18T16:39:56.706-06:00  INFO 10605 --- [o-auto-1-exec-7] h.core.web.RequestLoggingFilter          : Request completed: method=GET path=/api/op/products/default.xml status=200 duration=18ms requestId=bd6e3126-7c3c-4c78-91fa-a94902f1d388
]]></system-out>
  </testcase>
  <testcase name="product without required parameter should return 400" classname="helianthus.core.StarterOperationsSmokeTest" time="0.288">
    <system-out><![CDATA[2026-06-18T16:39:56.956-06:00  INFO 10605 --- [o-auto-1-exec-8] h.core.web.RequestLoggingFilter          : Request started: method=GET path=/api/op/product/default.json requestId=fe75f8a5-4abc-4e64-8c33-68a213e8f886
2026-06-18T16:39:56.971-06:00  WARN 10605 --- [o-auto-1-exec-8] h.core.web.HelianthusExceptionHandler    : Invalid parameter: Missing required parameter: 'productCode'
2026-06-18T16:39:56.974-06:00  INFO 10605 --- [o-auto-1-exec-8] h.core.web.RequestLoggingFilter          : Request completed: method=GET path=/api/op/product/default.json status=400 duration=18ms requestId=fe75f8a5-4abc-4e64-8c33-68a213e8f886
]]></system-out>
  </testcase>
  <testcase name="product with valid code should return single product" classname="helianthus.core.StarterOperationsSmokeTest" time="0.235">
    <system-out><![CDATA[2026-06-18T16:39:57.215-06:00  INFO 10605 --- [o-auto-1-exec-9] h.core.web.RequestLoggingFilter          : Request started: method=GET path=/api/op/product/default.json requestId=4d822e93-eb9a-4128-8498-189e71b0300c
2026-06-18T16:39:57.228-06:00  INFO 10605 --- [o-auto-1-exec-9] h.core.web.HelianthusController          : Operation executed: operationId=product configurationId=default format=json rowCount=1 duration=11ms user=guest
2026-06-18T16:39:57.239-06:00  INFO 10605 --- [o-auto-1-exec-9] h.core.web.RequestLoggingFilter          : Request completed: method=GET path=/api/op/product/default.json status=200 duration=24ms requestId=4d822e93-eb9a-4128-8498-189e71b0300c
]]></system-out>
  </testcase>
</testsuite>