<?xml version="1.0" encoding="UTF-8"?>
<testsuite xmlns:xsi="http://www.w3.org/2001/XMLSchema-instance" xsi:noNamespaceSchemaLocation="https://maven.apache.org/surefire/maven-surefire-plugin/xsd/surefire-test-report.xsd" version="3.0.2" name="helianthus.core.LegacyQueryApiTest" time="1.298" tests="5" errors="0" skipped="0" failures="0">
  <properties>
[...]
</properties>
  <testcase name="shouldReturn404ForUnknownOperation" classname="helianthus.core.LegacyQueryApiTest" time="0.03">
    <system-out><![CDATA[2026-06-18T00:41:59.105-06:00  INFO 69628 --- [           main] t.c.s.AnnotationConfigContextLoaderUtils : Could not detect default configuration classes for test class [helianthus.core.LegacyQueryApiTest]: LegacyQueryApiTest does not declare any static, non-private, non-final, nested classes annotated with @Configuration.
2026-06-18T00:41:59.143-06:00  INFO 69628 --- [           main] .b.t.c.SpringBootTestContextBootstrapper : Found @SpringBootConfiguration helianthus.core.HelianthusApplication for test class helianthus.core.LegacyQueryApiTest
2026-06-18T00:41:59.146-06:00  INFO 69628 --- [           main] t.c.s.AnnotationConfigContextLoaderUtils : Could not detect default configuration classes for test class [helianthus.core.LegacyQueryApiTest]: LegacyQueryApiTest does not declare any static, non-private, non-final, nested classes annotated with @Configuration.
2026-06-18T00:41:59.149-06:00  INFO 69628 --- [           main] .b.t.c.SpringBootTestContextBootstrapper : Found @SpringBootConfiguration helianthus.core.HelianthusApplication for test class helianthus.core.LegacyQueryApiTest

  .   ____          _            __ _ _
 /\\ / ___'_ __ _ _(_)_ __  __ _ \ \ \ \
( ( )\___ | '_ | '_| | '_ \/ _` | \ \ \ \
 \\/  ___)| |_)| | | | | || (_| |  ) ) ) )
  '  |____| .__|_| |_|_| |_\__, | / / / /
 =========|_|==============|___/=/_/_/_/

 :: Spring Boot ::                (v4.1.0)

2026-06-18T00:41:59.215-06:00  INFO 69628 --- [           main] helianthus.core.LegacyQueryApiTest       : Starting LegacyQueryApiTest using Java 25.0.2 with PID 69628 (started by jonathan in /Users/jonathan/code/helianthus/server/helianthus-web)
2026-06-18T00:41:59.216-06:00  INFO 69628 --- [           main] helianthus.core.LegacyQueryApiTest       : No active profile set, falling back to 1 default profile: "default"
2026-06-18T00:41:59.785-06:00  INFO 69628 --- [           main] o.s.boot.tomcat.TomcatWebServer          : Tomcat initialized with port 0 (http)
2026-06-18T00:41:59.787-06:00  INFO 69628 --- [           main] o.apache.catalina.core.StandardService   : Starting service [Tomcat]
2026-06-18T00:41:59.788-06:00  INFO 69628 --- [           main] o.apache.catalina.core.StandardEngine    : Starting Servlet engine: [Apache Tomcat/11.0.22]
2026-06-18T00:41:59.828-06:00  INFO 69628 --- [           main] b.w.c.s.WebApplicationContextInitializer : Root WebApplicationContext: initialization completed in 609 ms
2026-06-18T00:41:59.861-06:00  INFO 69628 --- [           main] helianthus.core.config.CatalogConfig     : Loading operations catalog from: class path resource [operations.yml]
2026-06-18T00:41:59.871-06:00  INFO 69628 --- [           main] helianthus.core.config.CatalogConfig     : Loaded catalog: 4 operations, 1 queries, 0 datasources
2026-06-18T00:42:00.203-06:00  INFO 69628 --- [           main] o.s.boot.tomcat.TomcatWebServer          : Tomcat started on port 55479 (http) with context path '/'
2026-06-18T00:42:00.211-06:00  INFO 69628 --- [           main] helianthus.core.LegacyQueryApiTest       : Started LegacyQueryApiTest in 1.052 seconds (process running for 19.552)
2026-06-18T00:42:00.220-06:00  INFO 69628 --- [           main] com.zaxxer.hikari.HikariDataSource       : HikariPool-3 - Starting...
2026-06-18T00:42:00.222-06:00  INFO 69628 --- [           main] com.zaxxer.hikari.pool.HikariPool        : HikariPool-3 - Added connection conn20: url=jdbc:h2:mem:helianthus user=SA
2026-06-18T00:42:00.222-06:00  INFO 69628 --- [           main] com.zaxxer.hikari.HikariDataSource       : HikariPool-3 - Start completed.
2026-06-18T00:42:00.234-06:00  INFO 69628 --- [o-auto-2-exec-1] o.a.c.c.C.[Tomcat-1].[localhost].[/]     : Initializing Spring DispatcherServlet 'dispatcherServlet'
2026-06-18T00:42:00.234-06:00  INFO 69628 --- [o-auto-2-exec-1] o.s.web.servlet.DispatcherServlet        : Initializing Servlet 'dispatcherServlet'
2026-06-18T00:42:00.235-06:00  INFO 69628 --- [o-auto-2-exec-1] o.s.web.servlet.DispatcherServlet        : Completed initialization in 1 ms
2026-06-18T00:42:00.239-06:00  WARN 69628 --- [o-auto-2-exec-1] h.core.web.HelianthusExceptionHandler    : Operation not found: Operation not found: nonexistent
]]></system-out>
  </testcase>
  <testcase name="shouldReturnJsonForAllProducts" classname="helianthus.core.LegacyQueryApiTest" time="0.034"/>
  <testcase name="shouldReturn400ForBadPath" classname="helianthus.core.LegacyQueryApiTest" time="0.028">
    <system-out><![CDATA[2026-06-18T00:42:00.301-06:00  WARN 69628 --- [o-auto-2-exec-3] h.core.web.HelianthusExceptionHandler    : Invalid operation path: path must contain an operation id
]]></system-out>
  </testcase>
  <testcase name="shouldRejectUnsupportedFormat" classname="helianthus.core.LegacyQueryApiTest" time="0.059"/>
  <testcase name="healthEndpointShouldWork" classname="helianthus.core.LegacyQueryApiTest" time="0.018"/>
</testsuite>